TODO: 

Local timezone
Xdebug


@@@@@@@- PERF -@@@@@@
Try: https://github.com/fabiokr/vagrant-sshfs
Try: http://www.jankowfsky.com/blog/2013/11/28/nfs-for-vagrant-under-windows/
Rsync: Issue tracker perf: https://github.com/mitchellh/vagrant/issues/3249
provision: Make it much faster !!

**** SFTP 
Use SFTP to connect to the "server". When running any vagrant anything this is always:

ip 0.0.0.0
port 2222
u vagrant
pwd vagrant
I use this and then map to the directory location, this way I am SSH'ing files "over to the server" instead of mounting the disks between systems. Noticed my performance issues went away w/ my own vagrant files when I did this.
*****

Rsyncing folder: /cygdrive/d/vagrant/localdev/approot/calleo/ => /var/www/calleo


@@@@@@- Document -@@@@@@

Rsync with cygwin: http://www.gizmoplex.com/wordpress/ssh-and-rsync-within-cygwin/
Vagrant fix for Rsync on wondows (external of cygwin) https://github.com/mitchellh/vagrant/issues/3230
SMB: Powershell http://www.microsoft.com/en-us/download/details.aspx?id=34595
SMB: Issue tracker: https://github.com/mitchellh/vagrant/issues/3139