[0;33mwarning: Could not retrieve fact fqdn[0m
[0;37mdebug: Failed to load library 'selinux' for feature 'selinux'[0m
[0;37mdebug: Puppet::Type::Package::ProviderUp2date: file /usr/sbin/up2date-nox does not exist[0m
[0;37mdebug: Puppet::Type::Package::ProviderSun: file /usr/sbin/pkgadd does not exist[0m
[0;37mdebug: Puppet::Type::Package::ProviderPacman: file /usr/bin/pacman does not exist[0m
[0;37mdebug: Puppet::Type::Package::ProviderFreebsd: file /usr/sbin/pkg_add does not exist[0m
[0;37mdebug: Puppet::Type::Package::ProviderRug: file /usr/bin/rug does not exist[0m
[0;37mdebug: Puppet::Type::Package::ProviderPkg: file /usr/bin/pkg does not exist[0m
[0;37mdebug: Puppet::Type::Package::ProviderAix: file /usr/sbin/installp does not exist[0m
[0;37mdebug: Puppet::Type::Package::ProviderZypper: file /usr/bin/zypper does not exist[0m
[0;37mdebug: Puppet::Type::Package::ProviderPorts: file /usr/sbin/pkg_info does not exist[0m
[0;37mdebug: Puppet::Type::Package::ProviderPortupgrade: file /usr/sbin/pkg_info does not exist[0m
[0;37mdebug: Puppet::Type::Package::ProviderHpux: file /usr/sbin/swremove does not exist[0m
[0;37mdebug: Puppet::Type::Package::ProviderYum: file yum does not exist[0m
[0;37mdebug: Puppet::Type::Package::ProviderUrpmi: file urpmi does not exist[0m
[0;37mdebug: Puppet::Type::Package::ProviderPortage: file /usr/bin/eix does not exist[0m
[0;37mdebug: Puppet::Type::Package::ProviderAptrpm: file rpm does not exist[0m
[0;37mdebug: Puppet::Type::Package::ProviderSunfreeware: file pkg-get does not exist[0m
[0;37mdebug: Puppet::Type::Package::ProviderNim: file /usr/sbin/nimclient does not exist[0m
[0;37mdebug: Puppet::Type::Package::ProviderRpm: file rpm does not exist[0m
[0;37mdebug: Puppet::Type::Package::ProviderOpenbsd: file pkg_add does not exist[0m
[0;37mdebug: Puppet::Type::Package::ProviderFink: file /sw/bin/fink does not exist[0m
[0;37mdebug: Puppet::Type::Service::ProviderOpenrc: file /sbin/rc-service does not exist[0m
[0;37mdebug: Puppet::Type::Service::ProviderRedhat: file /sbin/chkconfig does not exist[0m
[0;37mdebug: Puppet::Type::Service::ProviderSystemd: file /bin/systemctl does not exist[0m
[0;37mdebug: Puppet::Type::Service::ProviderGentoo: file /sbin/rc-update does not exist[0m
[0;37mdebug: Puppet::Type::Service::ProviderLaunchd: file /bin/launchctl does not exist[0m
[0;37mdebug: Puppet::Type::Service::ProviderRunit: file /usr/bin/sv does not exist[0m
[0;37mdebug: Puppet::Type::Service::ProviderDaemontools: file /usr/bin/svc does not exist[0m
[0;37mdebug: Creating default schedules[0m
[0;37mdebug: Failed to load library 'shadow' for feature 'libshadow'[0m
[0;37mdebug: Puppet::Type::User::ProviderPw: file pw does not exist[0m
[0;37mdebug: Puppet::Type::User::ProviderLdap: true value when expecting false[0m
[0;37mdebug: Puppet::Type::User::ProviderDirectoryservice: file /usr/bin/dscl does not exist[0m
[0;37mdebug: Puppet::Type::User::ProviderUser_role_add: file roledel does not exist[0m
[0;37mdebug: Failed to load library 'ldap' for feature 'ldap'[0m
[0;37mdebug: /File[/var/lib/puppet/state/last_run_report.yaml]: Autorequiring File[/var/lib/puppet/state][0m
[0;37mdebug: /File[/etc/puppet/ssl/private]: Autorequiring File[/etc/puppet/ssl][0m
[0;37mdebug: /File[/var/lib/puppet/clientbucket]: Autorequiring File[/var/lib/puppet][0m
[0;37mdebug: /File[/var/lib/puppet/state/state.yaml]: Autorequiring File[/var/lib/puppet/state][0m
[0;37mdebug: /File[/etc/puppet/ssl/certificate_requests]: Autorequiring File[/etc/puppet/ssl][0m
[0;37mdebug: /File[/var/lib/puppet/state/last_run_summary.yaml]: Autorequiring File[/var/lib/puppet/state][0m
[0;37mdebug: /File[/etc/puppet/ssl/certs]: Autorequiring File[/etc/puppet/ssl][0m
[0;37mdebug: /File[/etc/puppet/ssl]: Autorequiring File[/etc/puppet][0m
[0;37mdebug: /File[/var/lib/puppet/state]: Autorequiring File[/var/lib/puppet][0m
[0;37mdebug: /File[/var/lib/puppet/state/graphs]: Autorequiring File[/var/lib/puppet/state][0m
[0;37mdebug: /File[/etc/puppet/ssl/public_keys]: Autorequiring File[/etc/puppet/ssl][0m
[0;37mdebug: /File[/var/lib/puppet/client_data]: Autorequiring File[/var/lib/puppet][0m
[0;37mdebug: /File[/var/lib/puppet/run]: Autorequiring File[/var/lib/puppet][0m
[0;37mdebug: /File[/var/lib/puppet/lib]: Autorequiring File[/var/lib/puppet][0m
[0;37mdebug: /File[/var/lib/puppet/facts]: Autorequiring File[/var/lib/puppet][0m
[0;37mdebug: /File[/etc/puppet/ssl/private_keys]: Autorequiring File[/etc/puppet/ssl][0m
[0;37mdebug: /File[/var/lib/puppet/client_yaml]: Autorequiring File[/var/lib/puppet][0m
[0;37mdebug: /File[/var/lib/puppet/log]: Autorequiring File[/var/lib/puppet][0m
[0;37mdebug: Finishing transaction -611303738[0m
[0;37mdebug: Loaded state in 0.00 seconds[0m
[0;37mdebug: Loaded state in 0.00 seconds[0m
[0;32minfo: Applying configuration version '1406841588'[0m
[0;37mdebug: /Stage[main]/Apache::Apache/File[/etc/apache2/sites-enabled]/require: requires Package[apache2][0m
[0;37mdebug: /Stage[main]/Apache::Apache/File[/etc/apache2/sites-enabled]/before: requires File[/etc/apache2/sites-enabled/vagrant_webroot.conf][0m
[0;37mdebug: /Stage[main]/Apache::Apache/File[/etc/apache2/sites-available/vagrant_webroot.conf]/before: requires File[/etc/apache2/sites-enabled/vagrant_webroot.conf][0m
[0;37mdebug: /Stage[main]/Apache::Apache/Package[apache2]/before: requires File[/etc/apache2/mods-enabled/rewrite.load][0m
[0;37mdebug: /Stage[main]/Apache::Apache/Package[apache2]/before: requires File[/etc/apache2/sites-enabled/vagrant_webroot.conf][0m
[0;37mdebug: /Stage[main]/Apache::Apache/Service[apache2]/require: requires File[/etc/apache2/sites-enabled/vagrant_webroot.conf][0m
[0;37mdebug: /Stage[main]/Apache::Apache/Service[apache2]/subscribe: subscribes to File[/etc/apache2/sites-enabled/vagrant_webroot.conf][0m
[0;37mdebug: /Schedule[daily]: Skipping device resources because running on a host[0m
[0;37mdebug: /Schedule[monthly]: Skipping device resources because running on a host[0m
[0;37mdebug: /Schedule[hourly]: Skipping device resources because running on a host[0m
[0;37mdebug: /Schedule[never]: Skipping device resources because running on a host[0m
[0;37mdebug: Finishing transaction -612306828[0m
[0;32minfo: FileBucket got a duplicate file {md5}a0decd0dd9d3f2e14c84825297dad287[0m
[0;32minfo: /Stage[main]/Apache::Apache/File[/etc/apache2/sites-available/vagrant_webroot.conf]: Filebucketed /etc/apache2/sites-available/vagrant_webroot.conf to puppet with sum a0decd0dd9d3f2e14c84825297dad287[0m
[0;36mnotice: /Stage[main]/Apache::Apache/File[/etc/apache2/sites-available/vagrant_webroot.conf]/content: content changed '{md5}a0decd0dd9d3f2e14c84825297dad287' to '{md5}3917a1c6eb73dc8545d860c0bf08e936'[0m
[0;37mdebug: /Stage[main]/Apache::Apache/File[/etc/apache2/sites-available/vagrant_webroot.conf]: The container Class[Apache::Apache] will propagate my refresh event[0m
[0;37mdebug: Prefetching apt resources for package[0m
[0;37mdebug: Executing '/usr/bin/dpkg-query -W --showformat '${Status} ${Package} ${Version}\n''[0m
[0;37mdebug: Puppet::Type::Package::ProviderApt: Executing '/usr/bin/dpkg-query -W --showformat '${Status} ${Package} ${Version}\n''[0m
[0;32minfo: FileBucket got a duplicate file {md5}a0decd0dd9d3f2e14c84825297dad287[0m
[0;32minfo: /Stage[main]/Apache::Apache/File[/etc/apache2/sites-enabled/vagrant_webroot.conf]: Filebucketed /etc/apache2/sites-enabled/vagrant_webroot.conf to puppet with sum a0decd0dd9d3f2e14c84825297dad287[0m
[0;36mnotice: /Stage[main]/Apache::Apache/File[/etc/apache2/sites-enabled/vagrant_webroot.conf]/content: content changed '{md5}a0decd0dd9d3f2e14c84825297dad287' to '{md5}3917a1c6eb73dc8545d860c0bf08e936'[0m
[0;37mdebug: /Stage[main]/Apache::Apache/File[/etc/apache2/sites-enabled/vagrant_webroot.conf]: The container Class[Apache::Apache] will propagate my refresh event[0m
[0;32minfo: /Stage[main]/Apache::Apache/File[/etc/apache2/sites-enabled/vagrant_webroot.conf]: Scheduling refresh of Service[apache2][0m
[0;37mdebug: Service[apache2](provider=upstart): Could not find apache2.conf in /etc/init[0m
[0;37mdebug: Service[apache2](provider=upstart): Could not find apache2.conf in /etc/init.d[0m
[0;37mdebug: Service[apache2](provider=upstart): Could not find apache2 in /etc/init[0m
[0;37mdebug: Service[apache2](provider=upstart): Executing '/etc/init.d/apache2 status'[0m
[0;37mdebug: Service[apache2](provider=upstart): Executing '/etc/init.d/apache2 status'[0m
[0;37mdebug: Service[apache2](provider=upstart): Executing '/etc/init.d/apache2 stop'[0m
[0;37mdebug: Service[apache2](provider=upstart): Executing '/etc/init.d/apache2 start'[0m
[0;36mnotice: /Stage[main]/Apache::Apache/Service[apache2]: Triggered 'refresh' from 1 events[0m
[0;37mdebug: /Stage[main]/Apache::Apache/Service[apache2]: The container Class[Apache::Apache] will propagate my refresh event[0m
[0;37mdebug: Class[Apache::Apache]: The container Stage[main] will propagate my refresh event[0m
[0;37mdebug: /Schedule[weekly]: Skipping device resources because running on a host[0m
[0;37mdebug: /Schedule[puppet]: Skipping device resources because running on a host[0m
[0;37mdebug: Finishing transaction -612151958[0m
[0;37mdebug: Storing state[0m
[0;37mdebug: Stored state in 0.03 seconds[0m
[0;36mnotice: Finished catalog run in 3.58 seconds[0m
[0;37mdebug: Finishing transaction -610069548[0m
[0;37mdebug: Received report to process from precise32[0m
[0;37mdebug: Processing report from precise32 with processor Puppet::Reports::Store[0m
